2020-07-24 15:40:22,570 - com.bl.ttt.main - ERROR - pytest: reading from stdin while output is captured!  Consider using `-s`.
Traceback (most recent call last):
  File "/Users/billlanyon/Documents/dev/source/TTT/com/bl/ttt/main.py", line 38, in get_user_input
    i = input(prompt).upper()
  File "/opt/anaconda3/lib/python3.7/site-packages/_pytest/capture.py", line 700, in read
    "pytest: reading from stdin while output is captured!  Consider using `-s`."
OSError: pytest: reading from stdin while output is captured!  Consider using `-s`.
2020-07-24 15:40:22,571 - com.bl.ttt.tictactoe - DEBUG - Game instantiated with self._players: ['X', 'O'] and turn_counter: 1
2020-07-24 15:40:22,592 - com.bl.ttt.main - ERROR - 
Traceback (most recent call last):
  File "/Users/billlanyon/Documents/dev/source/TTT/com/bl/ttt/main.py", line 38, in get_user_input
    i = input(prompt).upper()
  File "/opt/anaconda3/lib/python3.7/unittest/mock.py", line 1011, in __call__
    return _mock_self._mock_call(*args, **kwargs)
  File "/opt/anaconda3/lib/python3.7/unittest/mock.py", line 1073, in _mock_call
    result = next(effect)
StopIteration
2020-07-24 15:40:22,599 - com.bl.ttt.main - ERROR - 'NoneType' object has no attribute 'upper'
Traceback (most recent call last):
  File "/Users/billlanyon/Documents/dev/source/TTT/com/bl/ttt/main.py", line 38, in get_user_input
    i = input(prompt).upper()
AttributeError: 'NoneType' object has no attribute 'upper'
2020-07-24 15:40:22,601 - com.bl.ttt.main - ERROR - 
Traceback (most recent call last):
  File "/Users/billlanyon/Documents/dev/source/TTT/com/bl/ttt/main.py", line 38, in get_user_input
    i = input(prompt).upper()
  File "/opt/anaconda3/lib/python3.7/unittest/mock.py", line 1011, in __call__
    return _mock_self._mock_call(*args, **kwargs)
  File "/opt/anaconda3/lib/python3.7/unittest/mock.py", line 1073, in _mock_call
    result = next(effect)
StopIteration
2020-07-24 15:40:22,606 - com.bl.ttt.main - ERROR - 
Traceback (most recent call last):
  File "/Users/billlanyon/Documents/dev/source/TTT/com/bl/ttt/main.py", line 38, in get_user_input
    i = input(prompt).upper()
  File "/opt/anaconda3/lib/python3.7/unittest/mock.py", line 1011, in __call__
    return _mock_self._mock_call(*args, **kwargs)
  File "/opt/anaconda3/lib/python3.7/unittest/mock.py", line 1073, in _mock_call
    result = next(effect)
StopIteration
2020-07-24 15:40:22,624 - com.bl.ttt.main - ERROR - 
Traceback (most recent call last):
  File "/Users/billlanyon/Documents/dev/source/TTT/com/bl/ttt/main.py", line 38, in get_user_input
    i = input(prompt).upper()
  File "/opt/anaconda3/lib/python3.7/unittest/mock.py", line 1011, in __call__
    return _mock_self._mock_call(*args, **kwargs)
  File "/opt/anaconda3/lib/python3.7/unittest/mock.py", line 1073, in _mock_call
    result = next(effect)
StopIteration
2020-07-24 15:40:22,632 - com.bl.ttt.main - ERROR - 'NoneType' object has no attribute 'upper'
Traceback (most recent call last):
  File "/Users/billlanyon/Documents/dev/source/TTT/com/bl/ttt/main.py", line 38, in get_user_input
    i = input(prompt).upper()
AttributeError: 'NoneType' object has no attribute 'upper'
2020-07-24 15:40:22,642 - com.bl.ttt.tictactoe - DEBUG - Game instantiated with self._players: ['X', 'O'] and turn_counter: 1
2020-07-24 15:40:22,643 - com.bl.ttt.main - DEBUG - process_another_move constructed: X:7
2020-07-24 15:40:22,643 - com.bl.ttt.tictactoe - DEBUG - process_valid_move: X:7
2020-07-24 15:40:22,643 - com.bl.ttt.tictactoe - DEBUG - process_valid_move before: 
    | X | O | X |
    | X | O | X |
    | O |   | O |
2020-07-24 15:40:22,643 - com.bl.ttt.tictactoe - DEBUG - process_valid_move after: 
    | X | O | X |
    | X | O | X |
    | O | X | O |
2020-07-24 15:40:22,644 - com.bl.ttt.tictactoe - DEBUG - Game drawn
2020-07-24 15:40:22,644 - com.bl.ttt.tictactoe - DEBUG - Played: [7]. Unplayed: [].
2020-07-24 15:40:22,648 - com.bl.ttt.tictactoe - DEBUG - Game instantiated with self._players: ['X', 'O'] and turn_counter: 1
2020-07-24 15:40:22,648 - com.bl.ttt.main - DEBUG - process_another_move constructed: X:6
2020-07-24 15:40:22,648 - com.bl.ttt.tictactoe - DEBUG - process_valid_move: X:6
2020-07-24 15:40:22,649 - com.bl.ttt.tictactoe - DEBUG - process_valid_move before: 
    | X | O | X |
    | X | O | X |
    |   | O | O |
2020-07-24 15:40:22,649 - com.bl.ttt.tictactoe - DEBUG - process_valid_move after: 
    | X | O | X |
    | X | O | X |
    | X | O | O |
2020-07-24 15:40:22,649 - com.bl.ttt.tictactoe - DEBUG - Game won
2020-07-24 15:40:22,649 - com.bl.ttt.tictactoe - DEBUG - Played: [6]. Unplayed: [].
